<?xml version="1.0" encoding="UTF-8"?>
<!-- Generated by org.testng.reporters.JUnitReportReporter -->
<testsuite skipped="0" hostname="LAPTOP-3MFE14OS" name="utilities.ExcelReader" tests="2" failures="0" timestamp="09 Apr 2024 06:00:51 GMT" time="0.017" errors="0">
  <testcase name="testop" time="0.002" classname="utilities.ExcelReader"/>
  <testcase name="testop" time="0.015" classname="utilities.ExcelReader"/>
</testsuite> <!-- utilities.ExcelReader -->
