<?xml version="1.0" encoding="UTF-8"?>
<!-- Generated by org.testng.reporters.JUnitReportReporter -->
<testsuite name="testcases.LoginTest" tests="1" time="0.000" ignored="2" failures="0" timestamp="10 Apr 2024 06:31:18 GMT" skipped="1" hostname="LAPTOP-3MFE14OS" errors="0">
  <testcase name="loginTest" time="0.000" classname="testcases.LoginTest">
    <skipped/>
  </testcase> <!-- loginTest -->
  <testcase name="setUp" classname="base.TestBase">
    <skipped/>
  </testcase> <!-- setUp -->
  <testcase name="tearDown" classname="base.TestBase">
    <skipped/>
  </testcase> <!-- tearDown -->
</testsuite> <!-- testcases.LoginTest -->
